[19:39:39] [main/INFO]: Environment: authHost='https://authserver.mojang.com', accountsHost='https://api.mojang.com', sessionHost='https://sessionserver.mojang.com', servicesHost='https://api.minecraftservices.com', name='PROD'
[19:39:39] [main/INFO]: Found new data pack file/bukkit, loading it automatically
[19:39:39] [main/INFO]: Reloading ResourceManager: Default, bukkit
[19:39:40] [Worker-Main-1/INFO]: Loaded 7 recipes
[19:39:41] [Server thread/INFO]: Starting minecraft server version 1.17.1
[19:39:41] [Server thread/INFO]: Loading properties
[19:39:41] [Server thread/INFO]: This server is running Purpur version git-Purpur-1428 (MC: 1.17.1) (Implementing API version 1.17.1-R0.1-SNAPSHOT) (Git: 9beb23b on ver/1.17.1)
[19:39:41] [Server thread/INFO]: Server Ping Player Sample Count: 12
[19:39:41] [Server thread/INFO]: Using 4 threads for Netty based IO
[19:39:42] [Server thread/INFO]: Default game type: SURVIVAL
[19:39:42] [Server thread/INFO]: Generating keypair
[19:39:42] [Server thread/INFO]: Starting Minecraft server on *:25565
[19:39:42] [Server thread/INFO]: Using epoll channel type
[19:39:42] [Server thread/INFO]: Paper: Using libdeflate (Linux x86_64) compression from Velocity.
[19:39:42] [Server thread/INFO]: Paper: Using OpenSSL 1.1.x (Linux x86_64) cipher from Velocity.
[19:39:42] [Server thread/INFO]: [ViaVersion] Loading ViaVersion v4.9.3
[19:39:42] [Server thread/INFO]: [ViaVersion] ViaVersion 4.9.3 is now loaded. Registering protocol transformers and injecting...
[19:39:43] [Via-Mappingloader-0/INFO]: [ViaVersion] Loading block connection mappings ...
[19:39:43] [Server thread/INFO]: [ViaBackwards] Loading translations...
[19:39:43] [Server thread/INFO]: [ViaBackwards] Registering protocols...
[19:39:43] [Via-Mappingloader-0/INFO]: [ViaVersion] Using FastUtil Long2ObjectOpenHashMap for block connections
[19:39:43] [Server thread/INFO]: [ViaBackwards] Loading ViaBackwards v4.9.2
[19:39:43] [Server thread/INFO]: [ViaRewind] Loading ViaRewind v3.0.6
[19:39:43] [Server thread/INFO]: [ViaRewind-Legacy-Support] Loading ViaRewind-Legacy-Support v1.4.2
[19:39:43] [Server thread/INFO]: [ViaRewind] Enabling ViaRewind v3.0.6
[19:39:43] [Server thread/WARN]: **** SERVER IS RUNNING IN OFFLINE/INSECURE MODE!
[19:39:43] [Server thread/WARN]: The server will make no attempt to authenticate usernames. Beware.
[19:39:43] [Server thread/WARN]: Whilst this makes it possible to use BungeeCord or Velocity, unless access to your server is properly restricted, it also opens up the ability for hackers to connect with any username they choose.
[19:39:43] [Server thread/WARN]: Please see http://www.spigotmc.org/wiki/firewall-guide/ for further information.
[19:39:43] [Server thread/WARN]: To change this, set "online-mode" to "true" in the server.properties file.
[19:39:43] [Server thread/INFO]: Preparing level "world"
[19:39:44] [Server thread/WARN]: Unable to find spawn biome
[19:39:47] [Server thread/WARN]: Unable to find spawn biome
[19:39:48] [Server thread/WARN]: Unable to find spawn biome
[19:39:48] [Server thread/INFO]: Preparing start region for dimension minecraft:overworld
[19:39:48] [Worker-Main-1/INFO]: Preparing spawn area: 0%
[19:39:49] [Server thread/INFO]: Time elapsed: 437 ms
[19:39:49] [Server thread/INFO]: Preparing start region for dimension minecraft:the_nether
[19:39:49] [Server thread/INFO]: Time elapsed: 246 ms
[19:39:49] [Server thread/INFO]: Preparing start region for dimension minecraft:the_end
[19:39:49] [Server thread/INFO]: Time elapsed: 197 ms
[19:39:49] [Server thread/INFO]: [ViaVersion] Enabling ViaVersion v4.9.3
[19:39:49] [Server thread/INFO]: [ViaVersion] ViaVersion detected server version: 1.17.1 (756)
[19:39:49] [Server thread/INFO]: [ViaBackwards] Enabling ViaBackwards v4.9.2
[19:39:49] [Server thread/INFO]: [ViaRewind-Legacy-Support] Enabling ViaRewind-Legacy-Support v1.4.2
[19:39:49] [Server thread/INFO]: Running delayed init tasks
[19:39:49] [Craft Scheduler Thread - 2 - ViaVersion/INFO]: [ViaVersion] Finished mapping loading, shutting down loader executor!
[19:39:49] [Server thread/INFO]: Done (7.816s)! For help, type "help"
[19:39:49] [Server thread/INFO]: Timings Reset
